[2019-02-16 14:20:01.176] [ERROR] pomelo-rpc - [31m[mqtt-acceptor] [39mprocess rpc message error ReferenceError: cb is not defined
    at ChatRemote.add (/Users/coco/Documents/WebProjects/MumuServer/game-server/app/servers/chat/remote/chatRemote.js:22:2)
    at Dispatcher.pro.route (/Users/coco/Documents/WebProjects/MumuServer/game-server/node_modules/pomelo-rpc/lib/rpc-server/dispatcher.js:52:10)
    at Acceptor.cb (/Users/coco/Documents/WebProjects/MumuServer/game-server/node_modules/pomelo-rpc/lib/rpc-server/gateway.js:22:16)
    at processMsg (/Users/coco/Documents/WebProjects/MumuServer/game-server/node_modules/pomelo-rpc/lib/rpc-server/acceptors/mqtt-acceptor.js:138:12)
    at Connection.<anonymous> (/Users/coco/Documents/WebProjects/MumuServer/game-server/node_modules/pomelo-rpc/lib/rpc-server/acceptors/mqtt-acceptor.js:62:11)
    at Connection.emit (events.js:182:13)
    at Connection.emitPacket (/Users/coco/Documents/WebProjects/MumuServer/game-server/node_modules/mqtt-connection/connection.js:14:8)
    at Connection.emit (events.js:182:13)
    at addChunk (/Users/coco/Documents/WebProjects/MumuServer/game-server/node_modules/duplexify/node_modules/readable-stream/lib/_stream_readable.js:291:12)
    at readableAddChunk (/Users/coco/Documents/WebProjects/MumuServer/game-server/node_modules/duplexify/node_modules/readable-stream/lib/_stream_readable.js:278:11)
[2019-02-16 14:53:28.343] [ERROR] pomelo-rpc - [31m[mqtt-acceptor] [39mprocess rpc message error ReferenceError: channle is not defined
    at ChatRemote.add (/Users/coco/Documents/WebProjects/MumuServer/game-server/app/servers/chat/remote/chatRemote.js:21:14)
    at Dispatcher.pro.route (/Users/coco/Documents/WebProjects/MumuServer/game-server/node_modules/pomelo-rpc/lib/rpc-server/dispatcher.js:52:10)
    at Acceptor.cb (/Users/coco/Documents/WebProjects/MumuServer/game-server/node_modules/pomelo-rpc/lib/rpc-server/gateway.js:22:16)
    at processMsg (/Users/coco/Documents/WebProjects/MumuServer/game-server/node_modules/pomelo-rpc/lib/rpc-server/acceptors/mqtt-acceptor.js:138:12)
    at Connection.<anonymous> (/Users/coco/Documents/WebProjects/MumuServer/game-server/node_modules/pomelo-rpc/lib/rpc-server/acceptors/mqtt-acceptor.js:62:11)
    at Connection.emit (events.js:182:13)
    at Connection.emitPacket (/Users/coco/Documents/WebProjects/MumuServer/game-server/node_modules/mqtt-connection/connection.js:14:8)
    at Connection.emit (events.js:182:13)
    at addChunk (/Users/coco/Documents/WebProjects/MumuServer/game-server/node_modules/duplexify/node_modules/readable-stream/lib/_stream_readable.js:291:12)
    at readableAddChunk (/Users/coco/Documents/WebProjects/MumuServer/game-server/node_modules/duplexify/node_modules/readable-stream/lib/_stream_readable.js:278:11)
[2019-02-16 16:50:19.554] [ERROR] pomelo-rpc - [31m[mqtt-acceptor] [39mprocess rpc message error TypeError: Cannot read property 'pushMessage' of undefined
    at Handler.handler.send (/Users/coco/Documents/WebProjects/MumuServer/game-server/app/servers/chat/handler/roomHandler.js:26:10)
    at Service.handle (/Users/coco/Documents/WebProjects/MumuServer/game-server/node_modules/pomelo/lib/common/service/handlerService.js:59:20)
    at handle (/Users/coco/Documents/WebProjects/MumuServer/game-server/node_modules/pomelo/lib/server/server.js:375:25)
    at next (/Users/coco/Documents/WebProjects/MumuServer/game-server/node_modules/pomelo/lib/common/service/filterService.js:50:7)
    at Filter.before (/Users/coco/Documents/WebProjects/MumuServer/game-server/node_modules/pomelo/lib/filters/handler/timeout.js:34:3)
    at next (/Users/coco/Documents/WebProjects/MumuServer/game-server/node_modules/pomelo/lib/common/service/filterService.js:58:15)
    at Service.beforeFilter (/Users/coco/Documents/WebProjects/MumuServer/game-server/node_modules/pomelo/lib/common/service/filterService.js:65:3)
    at beforeFilter (/Users/coco/Documents/WebProjects/MumuServer/game-server/node_modules/pomelo/lib/server/server.js:242:8)
    at doHandle (/Users/coco/Documents/WebProjects/MumuServer/game-server/node_modules/pomelo/lib/server/server.js:388:3)
    at Server.pro.handle (/Users/coco/Documents/WebProjects/MumuServer/game-server/node_modules/pomelo/lib/server/server.js:125:3)
[2019-02-16 16:51:18.613] [ERROR] pomelo-rpc - [31m[mqtt-acceptor] [39mprocess rpc message error TypeError: Cannot read property 'pushMessage' of undefined
    at RoomRemote.leaveRoom (/Users/coco/Documents/WebProjects/MumuServer/game-server/app/servers/chat/remote/roomRemote.js:80:10)
    at Dispatcher.pro.route (/Users/coco/Documents/WebProjects/MumuServer/game-server/node_modules/pomelo-rpc/lib/rpc-server/dispatcher.js:52:10)
    at Acceptor.cb (/Users/coco/Documents/WebProjects/MumuServer/game-server/node_modules/pomelo-rpc/lib/rpc-server/gateway.js:22:16)
    at processMsg (/Users/coco/Documents/WebProjects/MumuServer/game-server/node_modules/pomelo-rpc/lib/rpc-server/acceptors/mqtt-acceptor.js:138:12)
    at Connection.<anonymous> (/Users/coco/Documents/WebProjects/MumuServer/game-server/node_modules/pomelo-rpc/lib/rpc-server/acceptors/mqtt-acceptor.js:62:11)
    at Connection.emit (events.js:182:13)
    at Connection.emitPacket (/Users/coco/Documents/WebProjects/MumuServer/game-server/node_modules/mqtt-connection/connection.js:14:8)
    at Connection.emit (events.js:182:13)
    at addChunk (/Users/coco/Documents/WebProjects/MumuServer/game-server/node_modules/duplexify/node_modules/readable-stream/lib/_stream_readable.js:291:12)
    at readableAddChunk (/Users/coco/Documents/WebProjects/MumuServer/game-server/node_modules/duplexify/node_modules/readable-stream/lib/_stream_readable.js:278:11)
[2019-02-18 15:05:26.792] [ERROR] pomelo-rpc - [31m[mqtt-mailbox] [39mrpc connector-server-3 callback timeout 30000, remote server 1 host: 127.0.0.1, port: 6050
[2019-02-18 15:05:26.793] [ERROR] pomelo-rpc - [31m[MailStation] [39m[pomelo-rpc] fail to send message Error: rpc connector-server-3 callback timeout 30000, remote server 1 host: 127.0.0.1, port: 6050
    at Timeout.<anonymous> (/Users/coco/Documents/WebProjects/MumuServer/game-server/node_modules/pomelo-rpc/lib/rpc-client/mailboxes/mqtt-mailbox.js:257:16)
    at ontimeout (timers.js:436:11)
    at tryOnTimeout (timers.js:300:5)
    at listOnTimeout (timers.js:263:5)
    at Timer.processTimers (timers.js:223:10)
[2019-02-18 15:05:26.794] [ERROR] pomelo-rpc - [31m[failprocess] [39mrpc failed with error, remote server: chat-server-1, msg: {"namespace":"sys","serverType":"chat","service":"msgRemote","method":"forwardMessage","args":[{"id":3,"type":0,"compressRoute":0,"route":"chat.roomHandler.sendCMD","body":{"name":"status","value":true},"compressGzip":0},{"id":1,"frontendId":"connector-server-3","uid":"wosxieez710","settings":{"roomname":"001","username":"wosxieez710"}}]}, error code: 5
[2019-02-18 16:20:57.186] [ERROR] pomelo-rpc - [31m[rpc-client] [39m[pomelo-rpc] invalid rpc invoke, arguments length less than 2, namespace: "user", serverType, "chat", serviceName: "roomRemote", methodName: "onCMD"
[2019-02-18 16:23:00.237] [ERROR] pomelo-rpc - [31m[mqtt-mailbox] [39mrpc chat-server-1 callback timeout 30000, remote server 0 host: 127.0.0.1, port: 6050
[2019-02-18 16:23:00.238] [ERROR] pomelo-rpc - [31m[MailStation] [39m[pomelo-rpc] fail to send message Error: rpc chat-server-1 callback timeout 30000, remote server 0 host: 127.0.0.1, port: 6050
    at Timeout.<anonymous> (/Users/coco/Documents/WebProjects/MumuServer/game-server/node_modules/pomelo-rpc/lib/rpc-client/mailboxes/mqtt-mailbox.js:257:16)
    at ontimeout (timers.js:436:11)
    at tryOnTimeout (timers.js:300:5)
    at listOnTimeout (timers.js:263:5)
    at Timer.processTimers (timers.js:223:10)
[2019-02-18 16:23:00.239] [ERROR] pomelo-rpc - [31m[failprocess] [39mrpc failed with error, remote server: chat-server-1, msg: {"namespace":"user","serverType":"chat","service":"roomRemote","method":"onCMD","args":[]}, error code: 5
[2019-02-18 18:31:53.840] [ERROR] pomelo-rpc - [31m[mqtt-acceptor] [39mprocess rpc message error ReferenceError: cardType is not defined
    at generatePoker (/Users/coco/Documents/WebProjects/MumuServer/game-server/app/servers/chat/remote/roomRemote.js:119:3)
    at RoomRemote.createRoom (/Users/coco/Documents/WebProjects/MumuServer/game-server/app/servers/chat/remote/roomRemote.js:35:33)
    at Dispatcher.pro.route (/Users/coco/Documents/WebProjects/MumuServer/game-server/node_modules/pomelo-rpc/lib/rpc-server/dispatcher.js:52:10)
    at Acceptor.cb (/Users/coco/Documents/WebProjects/MumuServer/game-server/node_modules/pomelo-rpc/lib/rpc-server/gateway.js:22:16)
    at processMsg (/Users/coco/Documents/WebProjects/MumuServer/game-server/node_modules/pomelo-rpc/lib/rpc-server/acceptors/mqtt-acceptor.js:138:12)
    at Connection.<anonymous> (/Users/coco/Documents/WebProjects/MumuServer/game-server/node_modules/pomelo-rpc/lib/rpc-server/acceptors/mqtt-acceptor.js:62:11)
    at Connection.emit (events.js:182:13)
    at Connection.emitPacket (/Users/coco/Documents/WebProjects/MumuServer/game-server/node_modules/mqtt-connection/connection.js:14:8)
    at Connection.emit (events.js:182:13)
    at addChunk (/Users/coco/Documents/WebProjects/MumuServer/game-server/node_modules/duplexify/node_modules/readable-stream/lib/_stream_readable.js:291:12)
[2019-02-18 19:06:41.043] [ERROR] pomelo-rpc - [31m[mqtt-acceptor] [39mprocess rpc message error ReferenceError: roominfo is not defined
    at RoomRemote.joinRoom (/Users/coco/Documents/WebProjects/MumuServer/game-server/app/servers/chat/remote/roomRemote.js:72:44)
    at Dispatcher.pro.route (/Users/coco/Documents/WebProjects/MumuServer/game-server/node_modules/pomelo-rpc/lib/rpc-server/dispatcher.js:52:10)
    at Acceptor.cb (/Users/coco/Documents/WebProjects/MumuServer/game-server/node_modules/pomelo-rpc/lib/rpc-server/gateway.js:22:16)
    at processMsg (/Users/coco/Documents/WebProjects/MumuServer/game-server/node_modules/pomelo-rpc/lib/rpc-server/acceptors/mqtt-acceptor.js:138:12)
    at Connection.<anonymous> (/Users/coco/Documents/WebProjects/MumuServer/game-server/node_modules/pomelo-rpc/lib/rpc-server/acceptors/mqtt-acceptor.js:62:11)
    at Connection.emit (events.js:182:13)
    at Connection.emitPacket (/Users/coco/Documents/WebProjects/MumuServer/game-server/node_modules/mqtt-connection/connection.js:14:8)
    at Connection.emit (events.js:182:13)
    at addChunk (/Users/coco/Documents/WebProjects/MumuServer/game-server/node_modules/duplexify/node_modules/readable-stream/lib/_stream_readable.js:291:12)
    at readableAddChunk (/Users/coco/Documents/WebProjects/MumuServer/game-server/node_modules/duplexify/node_modules/readable-stream/lib/_stream_readable.js:278:11)
[2019-02-18 19:06:41.051] [WARN] pomelo-rpc - [33m[mqtt-mailbox] [39mtimer is not exsits, serverId: connector-server-1 remote: 0, host: 127.0.0.1, port: 6050
[2019-02-21 14:14:37.079] [ERROR] pomelo-rpc - [31m[mqtt-acceptor] [39mprocess rpc message error ReferenceError: channle is not defined
    at onRoomAutoDo (/Users/coco/Documents/GitHub/mumuserver/app/servers/chat/remote/roomRemote.js:211:2)
    at dealPoker (/Users/coco/Documents/GitHub/mumuserver/app/servers/chat/remote/roomRemote.js:198:2)
    at RoomRemote.onCMD (/Users/coco/Documents/GitHub/mumuserver/app/servers/chat/remote/roomRemote.js:109:5)
    at Dispatcher.pro.route (/Users/coco/Documents/GitHub/mumuserver/node_modules/pomelo-rpc/lib/rpc-server/dispatcher.js:52:10)
    at Acceptor.cb (/Users/coco/Documents/GitHub/mumuserver/node_modules/pomelo-rpc/lib/rpc-server/gateway.js:22:16)
    at processMsg (/Users/coco/Documents/GitHub/mumuserver/node_modules/pomelo-rpc/lib/rpc-server/acceptors/mqtt-acceptor.js:138:12)
    at Connection.<anonymous> (/Users/coco/Documents/GitHub/mumuserver/node_modules/pomelo-rpc/lib/rpc-server/acceptors/mqtt-acceptor.js:62:11)
    at Connection.emit (events.js:182:13)
    at Connection.emitPacket (/Users/coco/Documents/GitHub/mumuserver/node_modules/mqtt-connection/connection.js:14:8)
    at Connection.emit (events.js:182:13)
[2019-02-22 10:29:44.678] [ERROR] pomelo-rpc - [31m[mqtt-acceptor] [39mprocess rpc message error ReferenceError: channel is not defined
    at dealPoker (/Users/coco/Documents/GitHub/mumuserver/app/servers/chat/remote/roomRemote.js:212:2)
    at RoomRemote.onAction (/Users/coco/Documents/GitHub/mumuserver/app/servers/chat/remote/roomRemote.js:109:5)
    at Dispatcher.pro.route (/Users/coco/Documents/GitHub/mumuserver/node_modules/pomelo-rpc/lib/rpc-server/dispatcher.js:52:10)
    at Acceptor.cb (/Users/coco/Documents/GitHub/mumuserver/node_modules/pomelo-rpc/lib/rpc-server/gateway.js:22:16)
    at processMsg (/Users/coco/Documents/GitHub/mumuserver/node_modules/pomelo-rpc/lib/rpc-server/acceptors/mqtt-acceptor.js:138:12)
    at Connection.<anonymous> (/Users/coco/Documents/GitHub/mumuserver/node_modules/pomelo-rpc/lib/rpc-server/acceptors/mqtt-acceptor.js:62:11)
    at Connection.emit (events.js:182:13)
    at Connection.emitPacket (/Users/coco/Documents/GitHub/mumuserver/node_modules/mqtt-connection/connection.js:14:8)
    at Connection.emit (events.js:182:13)
    at addChunk (/Users/coco/Documents/GitHub/mumuserver/node_modules/duplexify/node_modules/readable-stream/lib/_stream_readable.js:291:12)
[2019-02-22 14:27:26.277] [ERROR] pomelo-rpc - [31m[mqtt-acceptor] [39mprocess rpc message error TypeError: dealUser.splice is not a function
    at dealPoker (/Users/coco/Documents/GitHub/mumuserver/app/servers/chat/remote/roomRemote.js:219:13)
    at RoomRemote.onAction (/Users/coco/Documents/GitHub/mumuserver/app/servers/chat/remote/roomRemote.js:108:5)
    at Dispatcher.pro.route (/Users/coco/Documents/GitHub/mumuserver/node_modules/pomelo-rpc/lib/rpc-server/dispatcher.js:52:10)
    at Acceptor.cb (/Users/coco/Documents/GitHub/mumuserver/node_modules/pomelo-rpc/lib/rpc-server/gateway.js:22:16)
    at processMsg (/Users/coco/Documents/GitHub/mumuserver/node_modules/pomelo-rpc/lib/rpc-server/acceptors/mqtt-acceptor.js:138:12)
    at Connection.<anonymous> (/Users/coco/Documents/GitHub/mumuserver/node_modules/pomelo-rpc/lib/rpc-server/acceptors/mqtt-acceptor.js:62:11)
    at Connection.emit (events.js:182:13)
    at Connection.emitPacket (/Users/coco/Documents/GitHub/mumuserver/node_modules/mqtt-connection/connection.js:14:8)
    at Connection.emit (events.js:182:13)
    at addChunk (/Users/coco/Documents/GitHub/mumuserver/node_modules/duplexify/node_modules/readable-stream/lib/_stream_readable.js:291:12)
[2019-02-22 14:49:55.592] [ERROR] pomelo-rpc - [31m[mqtt-acceptor] [39mprocess rpc message error TypeError: Cannot read property 'username' of undefined
    at dealPoker (/Users/coco/Documents/GitHub/mumuserver/app/servers/chat/remote/roomRemote.js:216:44)
    at RoomRemote.onAction (/Users/coco/Documents/GitHub/mumuserver/app/servers/chat/remote/roomRemote.js:108:5)
    at Dispatcher.pro.route (/Users/coco/Documents/GitHub/mumuserver/node_modules/pomelo-rpc/lib/rpc-server/dispatcher.js:52:10)
    at Acceptor.cb (/Users/coco/Documents/GitHub/mumuserver/node_modules/pomelo-rpc/lib/rpc-server/gateway.js:22:16)
    at processMsg (/Users/coco/Documents/GitHub/mumuserver/node_modules/pomelo-rpc/lib/rpc-server/acceptors/mqtt-acceptor.js:138:12)
    at Connection.<anonymous> (/Users/coco/Documents/GitHub/mumuserver/node_modules/pomelo-rpc/lib/rpc-server/acceptors/mqtt-acceptor.js:62:11)
    at Connection.emit (events.js:182:13)
    at Connection.emitPacket (/Users/coco/Documents/GitHub/mumuserver/node_modules/mqtt-connection/connection.js:14:8)
    at Connection.emit (events.js:182:13)
    at addChunk (/Users/coco/Documents/GitHub/mumuserver/node_modules/duplexify/node_modules/readable-stream/lib/_stream_readable.js:291:12)
[2019-02-22 17:08:06.110] [ERROR] pomelo-rpc - [31m[mqtt-acceptor] [39mprocess rpc message error TypeError: Cannot read property 'forEach' of null
    at RoomRemote.onAction (/Users/coco/Documents/GitHub/mumuserver/app/servers/chat/remote/roomRemote.js:112:17)
    at Dispatcher.pro.route (/Users/coco/Documents/GitHub/mumuserver/node_modules/pomelo-rpc/lib/rpc-server/dispatcher.js:52:10)
    at Acceptor.cb (/Users/coco/Documents/GitHub/mumuserver/node_modules/pomelo-rpc/lib/rpc-server/gateway.js:22:16)
    at processMsg (/Users/coco/Documents/GitHub/mumuserver/node_modules/pomelo-rpc/lib/rpc-server/acceptors/mqtt-acceptor.js:138:12)
    at Connection.<anonymous> (/Users/coco/Documents/GitHub/mumuserver/node_modules/pomelo-rpc/lib/rpc-server/acceptors/mqtt-acceptor.js:62:11)
    at Connection.emit (events.js:182:13)
    at Connection.emitPacket (/Users/coco/Documents/GitHub/mumuserver/node_modules/mqtt-connection/connection.js:14:8)
    at Connection.emit (events.js:182:13)
    at addChunk (/Users/coco/Documents/GitHub/mumuserver/node_modules/duplexify/node_modules/readable-stream/lib/_stream_readable.js:291:12)
    at readableAddChunk (/Users/coco/Documents/GitHub/mumuserver/node_modules/duplexify/node_modules/readable-stream/lib/_stream_readable.js:278:11)
[2019-02-22 17:13:29.140] [ERROR] pomelo-rpc - [31m[mqtt-acceptor] [39mprocess rpc message error TypeError: Cannot read property 'forEach' of null
    at RoomRemote.onAction (/Users/coco/Documents/GitHub/mumuserver/app/servers/chat/remote/roomRemote.js:112:17)
    at Dispatcher.pro.route (/Users/coco/Documents/GitHub/mumuserver/node_modules/pomelo-rpc/lib/rpc-server/dispatcher.js:52:10)
    at Acceptor.cb (/Users/coco/Documents/GitHub/mumuserver/node_modules/pomelo-rpc/lib/rpc-server/gateway.js:22:16)
    at processMsg (/Users/coco/Documents/GitHub/mumuserver/node_modules/pomelo-rpc/lib/rpc-server/acceptors/mqtt-acceptor.js:138:12)
    at Connection.<anonymous> (/Users/coco/Documents/GitHub/mumuserver/node_modules/pomelo-rpc/lib/rpc-server/acceptors/mqtt-acceptor.js:62:11)
    at Connection.emit (events.js:182:13)
    at Connection.emitPacket (/Users/coco/Documents/GitHub/mumuserver/node_modules/mqtt-connection/connection.js:14:8)
    at Connection.emit (events.js:182:13)
    at addChunk (/Users/coco/Documents/GitHub/mumuserver/node_modules/duplexify/node_modules/readable-stream/lib/_stream_readable.js:291:12)
    at readableAddChunk (/Users/coco/Documents/GitHub/mumuserver/node_modules/duplexify/node_modules/readable-stream/lib/_stream_readable.js:278:11)
[2019-02-26 16:54:13.578] [ERROR] pomelo-rpc - [31m[mqtt-acceptor] [39mprocess rpc message error ReferenceError: _ is not defined
    at Object.CardUtil.hasTi (/Users/coco/Documents/GitHub/mumuserver/app/util/cardUtil.js:242:22)
    at RoomRemote.joinRoom (/Users/coco/Documents/GitHub/mumuserver/app/servers/chat/remote/roomRemote.js:97:33)
    at Dispatcher.pro.route (/Users/coco/Documents/GitHub/mumuserver/node_modules/pomelo-rpc/lib/rpc-server/dispatcher.js:52:10)
    at Acceptor.cb (/Users/coco/Documents/GitHub/mumuserver/node_modules/pomelo-rpc/lib/rpc-server/gateway.js:22:16)
    at processMsg (/Users/coco/Documents/GitHub/mumuserver/node_modules/pomelo-rpc/lib/rpc-server/acceptors/mqtt-acceptor.js:138:12)
    at Connection.<anonymous> (/Users/coco/Documents/GitHub/mumuserver/node_modules/pomelo-rpc/lib/rpc-server/acceptors/mqtt-acceptor.js:62:11)
    at Connection.emit (events.js:182:13)
    at Connection.emitPacket (/Users/coco/Documents/GitHub/mumuserver/node_modules/mqtt-connection/connection.js:14:8)
    at Connection.emit (events.js:182:13)
    at addChunk (/Users/coco/Documents/GitHub/mumuserver/node_modules/duplexify/node_modules/readable-stream/lib/_stream_readable.js:291:12)
[2019-02-26 16:54:13.588] [WARN] pomelo-rpc - [33m[mqtt-mailbox] [39mtimer is not exsits, serverId: connector-server-2 remote: 0, host: 127.0.0.1, port: 6051
[2019-02-28 22:50:42.727] [ERROR] pomelo-rpc - [31m[mqtt-acceptor] [39mprocess rpc message error ReferenceError: roominfo is not defined
    at RoomRemote.onAction (/Users/coco/Documents/GitHub/mumuserver/app/servers/chat/remote/roomRemote.js:177:6)
    at Dispatcher.pro.route (/Users/coco/Documents/GitHub/mumuserver/node_modules/pomelo-rpc/lib/rpc-server/dispatcher.js:52:10)
    at Acceptor.cb (/Users/coco/Documents/GitHub/mumuserver/node_modules/pomelo-rpc/lib/rpc-server/gateway.js:22:16)
    at processMsg (/Users/coco/Documents/GitHub/mumuserver/node_modules/pomelo-rpc/lib/rpc-server/acceptors/mqtt-acceptor.js:138:12)
    at Connection.<anonymous> (/Users/coco/Documents/GitHub/mumuserver/node_modules/pomelo-rpc/lib/rpc-server/acceptors/mqtt-acceptor.js:62:11)
    at Connection.emit (events.js:182:13)
    at Connection.emitPacket (/Users/coco/Documents/GitHub/mumuserver/node_modules/mqtt-connection/connection.js:14:8)
    at Connection.emit (events.js:182:13)
    at addChunk (/Users/coco/Documents/GitHub/mumuserver/node_modules/duplexify/node_modules/readable-stream/lib/_stream_readable.js:291:12)
    at readableAddChunk (/Users/coco/Documents/GitHub/mumuserver/node_modules/duplexify/node_modules/readable-stream/lib/_stream_readable.js:278:11)
[2019-03-01 23:01:56.642] [ERROR] pomelo-rpc - [31m[mqtt-mailbox] [39mrpc connector-server-3 callback timeout 30000, remote server 0 host: 127.0.0.1, port: 6050
[2019-03-01 23:01:56.643] [ERROR] pomelo-rpc - [31m[MailStation] [39m[pomelo-rpc] fail to send message Error: rpc connector-server-3 callback timeout 30000, remote server 0 host: 127.0.0.1, port: 6050
    at Timeout.<anonymous> (/Users/coco/Documents/GitHub/mumuserver/node_modules/pomelo-rpc/lib/rpc-client/mailboxes/mqtt-mailbox.js:257:16)
    at ontimeout (timers.js:436:11)
    at tryOnTimeout (timers.js:300:5)
    at listOnTimeout (timers.js:263:5)
    at Timer.processTimers (timers.js:223:10)
[2019-03-01 23:01:56.644] [ERROR] pomelo-rpc - [31m[failprocess] [39mrpc failed with error, remote server: chat-server-1, msg: {"namespace":"user","serverType":"chat","service":"hallRemote","method":"joinHall","args":["connector-server-3"]}, error code: 5
[2019-03-01 23:03:24.605] [ERROR] pomelo-rpc - [31m[mqtt-mailbox] [39mrpc connector-server-2 callback timeout 30000, remote server 0 host: 127.0.0.1, port: 6051
[2019-03-01 23:03:24.606] [ERROR] pomelo-rpc - [31m[MailStation] [39m[pomelo-rpc] fail to send message Error: rpc connector-server-2 callback timeout 30000, remote server 0 host: 127.0.0.1, port: 6051
    at Timeout.<anonymous> (/Users/coco/Documents/GitHub/mumuserver/node_modules/pomelo-rpc/lib/rpc-client/mailboxes/mqtt-mailbox.js:257:16)
    at ontimeout (timers.js:436:11)
    at tryOnTimeout (timers.js:300:5)
    at listOnTimeout (timers.js:263:5)
    at Timer.processTimers (timers.js:223:10)
[2019-03-01 23:03:24.607] [ERROR] pomelo-rpc - [31m[failprocess] [39mrpc failed with error, remote server: chat-server-2, msg: {"namespace":"user","serverType":"chat","service":"hallRemote","method":"leaveHall","args":["connector-server-2"]}, error code: 5
[2019-03-01 23:03:27.243] [ERROR] pomelo-rpc - [31m[mqtt-mailbox] [39mrpc connector-server-2 callback timeout 30000, remote server 2 host: 127.0.0.1, port: 6051
[2019-03-01 23:03:27.243] [ERROR] pomelo-rpc - [31m[MailStation] [39m[pomelo-rpc] fail to send message Error: rpc connector-server-2 callback timeout 30000, remote server 2 host: 127.0.0.1, port: 6051
    at Timeout.<anonymous> (/Users/coco/Documents/GitHub/mumuserver/node_modules/pomelo-rpc/lib/rpc-client/mailboxes/mqtt-mailbox.js:257:16)
    at ontimeout (timers.js:436:11)
    at tryOnTimeout (timers.js:300:5)
    at listOnTimeout (timers.js:263:5)
    at Timer.processTimers (timers.js:223:10)
[2019-03-01 23:03:27.244] [ERROR] pomelo-rpc - [31m[failprocess] [39mrpc failed with error, remote server: chat-server-2, msg: {"namespace":"user","serverType":"chat","service":"hallRemote","method":"joinHall","args":["connector-server-2"]}, error code: 5
[2019-03-01 23:05:31.142] [ERROR] pomelo-rpc - [31m[mqtt-acceptor] [39mprocess rpc message error TypeError: cb is not a function
    at HallRemote.joinHall (/Users/coco/Documents/GitHub/mumuserver/app/servers/chat/remote/hallRemote.js:14:5)
    at Dispatcher.pro.route (/Users/coco/Documents/GitHub/mumuserver/node_modules/pomelo-rpc/lib/rpc-server/dispatcher.js:52:10)
    at Acceptor.cb (/Users/coco/Documents/GitHub/mumuserver/node_modules/pomelo-rpc/lib/rpc-server/gateway.js:22:16)
    at processMsg (/Users/coco/Documents/GitHub/mumuserver/node_modules/pomelo-rpc/lib/rpc-server/acceptors/mqtt-acceptor.js:138:12)
    at Connection.<anonymous> (/Users/coco/Documents/GitHub/mumuserver/node_modules/pomelo-rpc/lib/rpc-server/acceptors/mqtt-acceptor.js:62:11)
    at Connection.emit (events.js:182:13)
    at Connection.emitPacket (/Users/coco/Documents/GitHub/mumuserver/node_modules/mqtt-connection/connection.js:14:8)
    at Connection.emit (events.js:182:13)
    at addChunk (/Users/coco/Documents/GitHub/mumuserver/node_modules/duplexify/node_modules/readable-stream/lib/_stream_readable.js:291:12)
    at readableAddChunk (/Users/coco/Documents/GitHub/mumuserver/node_modules/duplexify/node_modules/readable-stream/lib/_stream_readable.js:278:11)
[2019-03-01 23:05:31.515] [ERROR] pomelo-rpc - [31m[mqtt-acceptor] [39mprocess rpc message error TypeError: cb is not a function
    at HallRemote.leaveHall (/Users/coco/Documents/GitHub/mumuserver/app/servers/chat/remote/hallRemote.js:21:5)
    at Dispatcher.pro.route (/Users/coco/Documents/GitHub/mumuserver/node_modules/pomelo-rpc/lib/rpc-server/dispatcher.js:52:10)
    at Acceptor.cb (/Users/coco/Documents/GitHub/mumuserver/node_modules/pomelo-rpc/lib/rpc-server/gateway.js:22:16)
    at processMsg (/Users/coco/Documents/GitHub/mumuserver/node_modules/pomelo-rpc/lib/rpc-server/acceptors/mqtt-acceptor.js:138:12)
    at Connection.<anonymous> (/Users/coco/Documents/GitHub/mumuserver/node_modules/pomelo-rpc/lib/rpc-server/acceptors/mqtt-acceptor.js:62:11)
    at Connection.emit (events.js:182:13)
    at Connection.emitPacket (/Users/coco/Documents/GitHub/mumuserver/node_modules/mqtt-connection/connection.js:14:8)
    at Connection.emit (events.js:182:13)
    at addChunk (/Users/coco/Documents/GitHub/mumuserver/node_modules/duplexify/node_modules/readable-stream/lib/_stream_readable.js:291:12)
    at readableAddChunk (/Users/coco/Documents/GitHub/mumuserver/node_modules/duplexify/node_modules/readable-stream/lib/_stream_readable.js:278:11)
[2019-03-01 23:06:28.961] [ERROR] pomelo-rpc - [31m[mqtt-acceptor] [39mprocess rpc message error TypeError: cb is not a function
    at HallRemote.joinHall (/Users/coco/Documents/GitHub/mumuserver/app/servers/chat/remote/hallRemote.js:14:5)
    at Dispatcher.pro.route (/Users/coco/Documents/GitHub/mumuserver/node_modules/pomelo-rpc/lib/rpc-server/dispatcher.js:52:10)
    at Acceptor.cb (/Users/coco/Documents/GitHub/mumuserver/node_modules/pomelo-rpc/lib/rpc-server/gateway.js:22:16)
    at processMsg (/Users/coco/Documents/GitHub/mumuserver/node_modules/pomelo-rpc/lib/rpc-server/acceptors/mqtt-acceptor.js:138:12)
    at Connection.<anonymous> (/Users/coco/Documents/GitHub/mumuserver/node_modules/pomelo-rpc/lib/rpc-server/acceptors/mqtt-acceptor.js:62:11)
    at Connection.emit (events.js:182:13)
    at Connection.emitPacket (/Users/coco/Documents/GitHub/mumuserver/node_modules/mqtt-connection/connection.js:14:8)
    at Connection.emit (events.js:182:13)
    at addChunk (/Users/coco/Documents/GitHub/mumuserver/node_modules/duplexify/node_modules/readable-stream/lib/_stream_readable.js:291:12)
    at readableAddChunk (/Users/coco/Documents/GitHub/mumuserver/node_modules/duplexify/node_modules/readable-stream/lib/_stream_readable.js:278:11)
[2019-03-01 23:06:29.296] [ERROR] pomelo-rpc - [31m[mqtt-acceptor] [39mprocess rpc message error TypeError: cb is not a function
    at HallRemote.leaveHall (/Users/coco/Documents/GitHub/mumuserver/app/servers/chat/remote/hallRemote.js:21:5)
    at Dispatcher.pro.route (/Users/coco/Documents/GitHub/mumuserver/node_modules/pomelo-rpc/lib/rpc-server/dispatcher.js:52:10)
    at Acceptor.cb (/Users/coco/Documents/GitHub/mumuserver/node_modules/pomelo-rpc/lib/rpc-server/gateway.js:22:16)
    at processMsg (/Users/coco/Documents/GitHub/mumuserver/node_modules/pomelo-rpc/lib/rpc-server/acceptors/mqtt-acceptor.js:138:12)
    at Connection.<anonymous> (/Users/coco/Documents/GitHub/mumuserver/node_modules/pomelo-rpc/lib/rpc-server/acceptors/mqtt-acceptor.js:62:11)
    at Connection.emit (events.js:182:13)
    at Connection.emitPacket (/Users/coco/Documents/GitHub/mumuserver/node_modules/mqtt-connection/connection.js:14:8)
    at Connection.emit (events.js:182:13)
    at addChunk (/Users/coco/Documents/GitHub/mumuserver/node_modules/duplexify/node_modules/readable-stream/lib/_stream_readable.js:291:12)
    at readableAddChunk (/Users/coco/Documents/GitHub/mumuserver/node_modules/duplexify/node_modules/readable-stream/lib/_stream_readable.js:278:11)
[2019-03-01 23:08:36.831] [ERROR] pomelo-rpc - [31m[mqtt-mailbox] [39mrpc connector-server-3 callback timeout 30000, remote server 0 host: 127.0.0.1, port: 6050
[2019-03-01 23:08:36.832] [ERROR] pomelo-rpc - [31m[MailStation] [39m[pomelo-rpc] fail to send message Error: rpc connector-server-3 callback timeout 30000, remote server 0 host: 127.0.0.1, port: 6050
    at Timeout.<anonymous> (/Users/coco/Documents/GitHub/mumuserver/node_modules/pomelo-rpc/lib/rpc-client/mailboxes/mqtt-mailbox.js:257:16)
    at ontimeout (timers.js:436:11)
    at tryOnTimeout (timers.js:300:5)
    at listOnTimeout (timers.js:263:5)
    at Timer.processTimers (timers.js:223:10)
[2019-03-01 23:08:36.832] [ERROR] pomelo-rpc - [31m[failprocess] [39mrpc failed with error, remote server: chat-server-1, msg: {"namespace":"user","serverType":"chat","service":"hallRemote","method":"joinHall","args":["connector-server-3"]}, error code: 5
[2019-03-01 23:08:37.179] [ERROR] pomelo-rpc - [31m[mqtt-mailbox] [39mrpc connector-server-3 callback timeout 30000, remote server 1 host: 127.0.0.1, port: 6050
[2019-03-01 23:08:37.179] [ERROR] pomelo-rpc - [31m[MailStation] [39m[pomelo-rpc] fail to send message Error: rpc connector-server-3 callback timeout 30000, remote server 1 host: 127.0.0.1, port: 6050
    at Timeout.<anonymous> (/Users/coco/Documents/GitHub/mumuserver/node_modules/pomelo-rpc/lib/rpc-client/mailboxes/mqtt-mailbox.js:257:16)
    at ontimeout (timers.js:436:11)
    at tryOnTimeout (timers.js:300:5)
    at listOnTimeout (timers.js:263:5)
    at Timer.processTimers (timers.js:223:10)
[2019-03-01 23:08:37.180] [ERROR] pomelo-rpc - [31m[failprocess] [39mrpc failed with error, remote server: chat-server-1, msg: {"namespace":"user","serverType":"chat","service":"hallRemote","method":"leaveHall","args":["connector-server-3"]}, error code: 5
[2019-03-01 23:09:40.941] [ERROR] pomelo-rpc - [31m[mqtt-acceptor] [39mprocess rpc message error TypeError: Cannot read property 'getChannel' of undefined
    at HallRemote.joinHall (/Users/coco/Documents/GitHub/mumuserver/app/servers/chat/remote/hallRemote.js:11:39)
    at Dispatcher.pro.route (/Users/coco/Documents/GitHub/mumuserver/node_modules/pomelo-rpc/lib/rpc-server/dispatcher.js:52:10)
    at Acceptor.cb (/Users/coco/Documents/GitHub/mumuserver/node_modules/pomelo-rpc/lib/rpc-server/gateway.js:22:16)
    at processMsg (/Users/coco/Documents/GitHub/mumuserver/node_modules/pomelo-rpc/lib/rpc-server/acceptors/mqtt-acceptor.js:138:12)
    at Connection.<anonymous> (/Users/coco/Documents/GitHub/mumuserver/node_modules/pomelo-rpc/lib/rpc-server/acceptors/mqtt-acceptor.js:62:11)
    at Connection.emit (events.js:182:13)
    at Connection.emitPacket (/Users/coco/Documents/GitHub/mumuserver/node_modules/mqtt-connection/connection.js:14:8)
    at Connection.emit (events.js:182:13)
    at addChunk (/Users/coco/Documents/GitHub/mumuserver/node_modules/duplexify/node_modules/readable-stream/lib/_stream_readable.js:291:12)
    at readableAddChunk (/Users/coco/Documents/GitHub/mumuserver/node_modules/duplexify/node_modules/readable-stream/lib/_stream_readable.js:278:11)
[2019-03-01 23:09:41.281] [ERROR] pomelo-rpc - [31m[mqtt-acceptor] [39mprocess rpc message error TypeError: Cannot read property 'getChannel' of undefined
    at HallRemote.leaveHall (/Users/coco/Documents/GitHub/mumuserver/app/servers/chat/remote/hallRemote.js:16:39)
    at Dispatcher.pro.route (/Users/coco/Documents/GitHub/mumuserver/node_modules/pomelo-rpc/lib/rpc-server/dispatcher.js:52:10)
    at Acceptor.cb (/Users/coco/Documents/GitHub/mumuserver/node_modules/pomelo-rpc/lib/rpc-server/gateway.js:22:16)
    at processMsg (/Users/coco/Documents/GitHub/mumuserver/node_modules/pomelo-rpc/lib/rpc-server/acceptors/mqtt-acceptor.js:138:12)
    at Connection.<anonymous> (/Users/coco/Documents/GitHub/mumuserver/node_modules/pomelo-rpc/lib/rpc-server/acceptors/mqtt-acceptor.js:62:11)
    at Connection.emit (events.js:182:13)
    at Connection.emitPacket (/Users/coco/Documents/GitHub/mumuserver/node_modules/mqtt-connection/connection.js:14:8)
    at Connection.emit (events.js:182:13)
    at addChunk (/Users/coco/Documents/GitHub/mumuserver/node_modules/duplexify/node_modules/readable-stream/lib/_stream_readable.js:291:12)
    at readableAddChunk (/Users/coco/Documents/GitHub/mumuserver/node_modules/duplexify/node_modules/readable-stream/lib/_stream_readable.js:278:11)
[2019-03-01 23:14:12.741] [ERROR] pomelo-rpc - [31m[mqtt-mailbox] [39mrpc connector-server-1 callback timeout 30000, remote server 0 host: 127.0.0.1, port: 6050
[2019-03-01 23:14:12.742] [ERROR] pomelo-rpc - [31m[MailStation] [39m[pomelo-rpc] fail to send message Error: rpc connector-server-1 callback timeout 30000, remote server 0 host: 127.0.0.1, port: 6050
    at Timeout.<anonymous> (/Users/coco/Documents/GitHub/mumuserver/node_modules/pomelo-rpc/lib/rpc-client/mailboxes/mqtt-mailbox.js:257:16)
    at ontimeout (timers.js:436:11)
    at tryOnTimeout (timers.js:300:5)
    at listOnTimeout (timers.js:263:5)
    at Timer.processTimers (timers.js:223:10)
[2019-03-01 23:14:12.742] [ERROR] pomelo-rpc - [31m[failprocess] [39mrpc failed with error, remote server: chat-server-1, msg: {"namespace":"user","serverType":"chat","service":"hallRemote","method":"joinHall","args":["connector-server-1"]}, error code: 5
[2019-03-01 23:14:13.054] [ERROR] pomelo-rpc - [31m[mqtt-mailbox] [39mrpc connector-server-1 callback timeout 30000, remote server 1 host: 127.0.0.1, port: 6050
[2019-03-01 23:14:13.054] [ERROR] pomelo-rpc - [31m[MailStation] [39m[pomelo-rpc] fail to send message Error: rpc connector-server-1 callback timeout 30000, remote server 1 host: 127.0.0.1, port: 6050
    at Timeout.<anonymous> (/Users/coco/Documents/GitHub/mumuserver/node_modules/pomelo-rpc/lib/rpc-client/mailboxes/mqtt-mailbox.js:257:16)
    at ontimeout (timers.js:436:11)
    at tryOnTimeout (timers.js:300:5)
    at listOnTimeout (timers.js:263:5)
    at Timer.processTimers (timers.js:223:10)
[2019-03-01 23:14:13.055] [ERROR] pomelo-rpc - [31m[failprocess] [39mrpc failed with error, remote server: chat-server-1, msg: {"namespace":"user","serverType":"chat","service":"hallRemote","method":"leaveHall","args":["connector-server-1"]}, error code: 5
[2019-03-01 23:16:24.308] [ERROR] pomelo-rpc - [31m[mqtt-mailbox] [39mrpc connector-server-1 callback timeout 30000, remote server 0 host: 127.0.0.1, port: 6050
[2019-03-01 23:16:24.309] [ERROR] pomelo-rpc - [31m[MailStation] [39m[pomelo-rpc] fail to send message Error: rpc connector-server-1 callback timeout 30000, remote server 0 host: 127.0.0.1, port: 6050
    at Timeout.<anonymous> (/Users/coco/Documents/GitHub/mumuserver/node_modules/pomelo-rpc/lib/rpc-client/mailboxes/mqtt-mailbox.js:257:16)
    at ontimeout (timers.js:436:11)
    at tryOnTimeout (timers.js:300:5)
    at listOnTimeout (timers.js:263:5)
    at Timer.processTimers (timers.js:223:10)
[2019-03-01 23:16:24.309] [ERROR] pomelo-rpc - [31m[failprocess] [39mrpc failed with error, remote server: chat-server-1, msg: {"namespace":"user","serverType":"chat","service":"hallRemote","method":"joinHall","args":["222222"]}, error code: 5
[2019-03-01 23:16:24.632] [ERROR] pomelo-rpc - [31m[mqtt-mailbox] [39mrpc connector-server-1 callback timeout 30000, remote server 1 host: 127.0.0.1, port: 6050
[2019-03-01 23:16:24.632] [ERROR] pomelo-rpc - [31m[MailStation] [39m[pomelo-rpc] fail to send message Error: rpc connector-server-1 callback timeout 30000, remote server 1 host: 127.0.0.1, port: 6050
    at Timeout.<anonymous> (/Users/coco/Documents/GitHub/mumuserver/node_modules/pomelo-rpc/lib/rpc-client/mailboxes/mqtt-mailbox.js:257:16)
    at ontimeout (timers.js:436:11)
    at tryOnTimeout (timers.js:300:5)
    at listOnTimeout (timers.js:263:5)
    at Timer.processTimers (timers.js:223:10)
[2019-03-01 23:16:24.633] [ERROR] pomelo-rpc - [31m[failprocess] [39mrpc failed with error, remote server: chat-server-1, msg: {"namespace":"user","serverType":"chat","service":"hallRemote","method":"leaveHall","args":["connector-server-1"]}, error code: 5
[2019-03-01 23:17:58.974] [ERROR] pomelo-rpc - [31m[mqtt-mailbox] [39mrpc connector-server-1 callback timeout 30000, remote server 0 host: 127.0.0.1, port: 6050
[2019-03-01 23:17:58.975] [ERROR] pomelo-rpc - [31m[MailStation] [39m[pomelo-rpc] fail to send message Error: rpc connector-server-1 callback timeout 30000, remote server 0 host: 127.0.0.1, port: 6050
    at Timeout.<anonymous> (/Users/coco/Documents/GitHub/mumuserver/node_modules/pomelo-rpc/lib/rpc-client/mailboxes/mqtt-mailbox.js:257:16)
    at ontimeout (timers.js:436:11)
    at tryOnTimeout (timers.js:300:5)
    at listOnTimeout (timers.js:263:5)
    at Timer.processTimers (timers.js:223:10)
[2019-03-01 23:17:58.976] [ERROR] pomelo-rpc - [31m[failprocess] [39mrpc failed with error, remote server: chat-server-1, msg: {"namespace":"user","serverType":"chat","service":"hallRemote","method":"joinHall","args":["222222"]}, error code: 5
[2019-03-01 23:17:59.326] [ERROR] pomelo-rpc - [31m[mqtt-mailbox] [39mrpc connector-server-1 callback timeout 30000, remote server 1 host: 127.0.0.1, port: 6050
[2019-03-01 23:17:59.327] [ERROR] pomelo-rpc - [31m[MailStation] [39m[pomelo-rpc] fail to send message Error: rpc connector-server-1 callback timeout 30000, remote server 1 host: 127.0.0.1, port: 6050
    at Timeout.<anonymous> (/Users/coco/Documents/GitHub/mumuserver/node_modules/pomelo-rpc/lib/rpc-client/mailboxes/mqtt-mailbox.js:257:16)
    at ontimeout (timers.js:436:11)
    at tryOnTimeout (timers.js:300:5)
    at listOnTimeout (timers.js:263:5)
    at Timer.processTimers (timers.js:223:10)
[2019-03-01 23:17:59.328] [ERROR] pomelo-rpc - [31m[failprocess] [39mrpc failed with error, remote server: chat-server-1, msg: {"namespace":"user","serverType":"chat","service":"hallRemote","method":"leaveHall","args":["connector-server-1"]}, error code: 5
[2019-03-01 23:19:11.310] [ERROR] pomelo-rpc - [31m[mqtt-acceptor] [39mprocess rpc message error TypeError: Cannot set property 'users' of undefined
    at HallRemote.joinHall (/Users/coco/Documents/GitHub/mumuserver/app/servers/chat/remote/hallRemote.js:29:18)
    at Dispatcher.pro.route (/Users/coco/Documents/GitHub/mumuserver/node_modules/pomelo-rpc/lib/rpc-server/dispatcher.js:52:10)
    at Acceptor.cb (/Users/coco/Documents/GitHub/mumuserver/node_modules/pomelo-rpc/lib/rpc-server/gateway.js:22:16)
    at processMsg (/Users/coco/Documents/GitHub/mumuserver/node_modules/pomelo-rpc/lib/rpc-server/acceptors/mqtt-acceptor.js:138:12)
    at Connection.<anonymous> (/Users/coco/Documents/GitHub/mumuserver/node_modules/pomelo-rpc/lib/rpc-server/acceptors/mqtt-acceptor.js:62:11)
    at Connection.emit (events.js:182:13)
    at Connection.emitPacket (/Users/coco/Documents/GitHub/mumuserver/node_modules/mqtt-connection/connection.js:14:8)
    at Connection.emit (events.js:182:13)
    at addChunk (/Users/coco/Documents/GitHub/mumuserver/node_modules/duplexify/node_modules/readable-stream/lib/_stream_readable.js:291:12)
    at readableAddChunk (/Users/coco/Documents/GitHub/mumuserver/node_modules/duplexify/node_modules/readable-stream/lib/_stream_readable.js:278:11)
[2019-03-01 23:19:41.694] [ERROR] pomelo-rpc - [31m[mqtt-mailbox] [39mrpc connector-server-2 callback timeout 30000, remote server 1 host: 127.0.0.1, port: 6050
[2019-03-01 23:19:41.695] [ERROR] pomelo-rpc - [31m[MailStation] [39m[pomelo-rpc] fail to send message Error: rpc connector-server-2 callback timeout 30000, remote server 1 host: 127.0.0.1, port: 6050
    at Timeout.<anonymous> (/Users/coco/Documents/GitHub/mumuserver/node_modules/pomelo-rpc/lib/rpc-client/mailboxes/mqtt-mailbox.js:257:16)
    at ontimeout (timers.js:436:11)
    at tryOnTimeout (timers.js:300:5)
    at listOnTimeout (timers.js:263:5)
    at Timer.processTimers (timers.js:223:10)
[2019-03-01 23:19:41.696] [ERROR] pomelo-rpc - [31m[failprocess] [39mrpc failed with error, remote server: chat-server-1, msg: {"namespace":"user","serverType":"chat","service":"hallRemote","method":"leaveHall","args":["connector-server-2"]}, error code: 5
[2019-03-01 23:22:34.172] [ERROR] pomelo-rpc - [31m[mqtt-acceptor] [39mprocess rpc message error ReferenceError: roomname is not defined
    at HallRemote.joinHall (/Users/coco/Documents/GitHub/mumuserver/app/servers/chat/remote/hallRemote.js:21:47)
    at Dispatcher.pro.route (/Users/coco/Documents/GitHub/mumuserver/node_modules/pomelo-rpc/lib/rpc-server/dispatcher.js:52:10)
    at Acceptor.cb (/Users/coco/Documents/GitHub/mumuserver/node_modules/pomelo-rpc/lib/rpc-server/gateway.js:22:16)
    at processMsg (/Users/coco/Documents/GitHub/mumuserver/node_modules/pomelo-rpc/lib/rpc-server/acceptors/mqtt-acceptor.js:138:12)
    at Connection.<anonymous> (/Users/coco/Documents/GitHub/mumuserver/node_modules/pomelo-rpc/lib/rpc-server/acceptors/mqtt-acceptor.js:62:11)
    at Connection.emit (events.js:182:13)
    at Connection.emitPacket (/Users/coco/Documents/GitHub/mumuserver/node_modules/mqtt-connection/connection.js:14:8)
    at Connection.emit (events.js:182:13)
    at addChunk (/Users/coco/Documents/GitHub/mumuserver/node_modules/duplexify/node_modules/readable-stream/lib/_stream_readable.js:291:12)
    at readableAddChunk (/Users/coco/Documents/GitHub/mumuserver/node_modules/duplexify/node_modules/readable-stream/lib/_stream_readable.js:278:11)
[2019-03-01 23:23:31.525] [ERROR] pomelo-rpc - [31m[mqtt-acceptor] [39mprocess rpc message error ReferenceError: roomname is not defined
    at HallRemote.joinHall (/Users/coco/Documents/GitHub/mumuserver/app/servers/chat/remote/hallRemote.js:21:47)
    at Dispatcher.pro.route (/Users/coco/Documents/GitHub/mumuserver/node_modules/pomelo-rpc/lib/rpc-server/dispatcher.js:52:10)
    at Acceptor.cb (/Users/coco/Documents/GitHub/mumuserver/node_modules/pomelo-rpc/lib/rpc-server/gateway.js:22:16)
    at processMsg (/Users/coco/Documents/GitHub/mumuserver/node_modules/pomelo-rpc/lib/rpc-server/acceptors/mqtt-acceptor.js:138:12)
    at Connection.<anonymous> (/Users/coco/Documents/GitHub/mumuserver/node_modules/pomelo-rpc/lib/rpc-server/acceptors/mqtt-acceptor.js:62:11)
    at Connection.emit (events.js:182:13)
    at Connection.emitPacket (/Users/coco/Documents/GitHub/mumuserver/node_modules/mqtt-connection/connection.js:14:8)
    at Connection.emit (events.js:182:13)
    at addChunk (/Users/coco/Documents/GitHub/mumuserver/node_modules/duplexify/node_modules/readable-stream/lib/_stream_readable.js:291:12)
    at readableAddChunk (/Users/coco/Documents/GitHub/mumuserver/node_modules/duplexify/node_modules/readable-stream/lib/_stream_readable.js:278:11)
[2019-03-01 23:24:12.508] [ERROR] pomelo-rpc - [31m[mqtt-acceptor] [39mprocess rpc message error ReferenceError: roomname is not defined
    at HallRemote.joinHall (/Users/coco/Documents/GitHub/mumuserver/app/servers/chat/remote/hallRemote.js:21:47)
    at Dispatcher.pro.route (/Users/coco/Documents/GitHub/mumuserver/node_modules/pomelo-rpc/lib/rpc-server/dispatcher.js:52:10)
    at Acceptor.cb (/Users/coco/Documents/GitHub/mumuserver/node_modules/pomelo-rpc/lib/rpc-server/gateway.js:22:16)
    at processMsg (/Users/coco/Documents/GitHub/mumuserver/node_modules/pomelo-rpc/lib/rpc-server/acceptors/mqtt-acceptor.js:138:12)
    at Connection.<anonymous> (/Users/coco/Documents/GitHub/mumuserver/node_modules/pomelo-rpc/lib/rpc-server/acceptors/mqtt-acceptor.js:62:11)
    at Connection.emit (events.js:182:13)
    at Connection.emitPacket (/Users/coco/Documents/GitHub/mumuserver/node_modules/mqtt-connection/connection.js:14:8)
    at Connection.emit (events.js:182:13)
    at addChunk (/Users/coco/Documents/GitHub/mumuserver/node_modules/duplexify/node_modules/readable-stream/lib/_stream_readable.js:291:12)
    at readableAddChunk (/Users/coco/Documents/GitHub/mumuserver/node_modules/duplexify/node_modules/readable-stream/lib/_stream_readable.js:278:11)
[2019-03-01 23:24:42.785] [ERROR] pomelo-rpc - [31m[mqtt-mailbox] [39mrpc connector-server-2 callback timeout 30000, remote server 1 host: 127.0.0.1, port: 6050
[2019-03-01 23:24:42.786] [ERROR] pomelo-rpc - [31m[MailStation] [39m[pomelo-rpc] fail to send message Error: rpc connector-server-2 callback timeout 30000, remote server 1 host: 127.0.0.1, port: 6050
    at Timeout.<anonymous> (/Users/coco/Documents/GitHub/mumuserver/node_modules/pomelo-rpc/lib/rpc-client/mailboxes/mqtt-mailbox.js:257:16)
    at ontimeout (timers.js:436:11)
    at tryOnTimeout (timers.js:300:5)
    at listOnTimeout (timers.js:263:5)
    at Timer.processTimers (timers.js:223:10)
[2019-03-01 23:24:42.787] [ERROR] pomelo-rpc - [31m[failprocess] [39mrpc failed with error, remote server: chat-server-1, msg: {"namespace":"user","serverType":"chat","service":"hallRemote","method":"leaveHall","args":["connector-server-2"]}, error code: 5
[2019-03-01 23:26:52.466] [ERROR] pomelo-rpc - [31m[mqtt-acceptor] [39mprocess rpc message error TypeError: cb is not a function
    at HallRemote.leaveHall (/Users/coco/Documents/GitHub/mumuserver/app/servers/chat/remote/hallRemote.js:21:5)
    at Dispatcher.pro.route (/Users/coco/Documents/GitHub/mumuserver/node_modules/pomelo-rpc/lib/rpc-server/dispatcher.js:52:10)
    at Acceptor.cb (/Users/coco/Documents/GitHub/mumuserver/node_modules/pomelo-rpc/lib/rpc-server/gateway.js:22:16)
    at processMsg (/Users/coco/Documents/GitHub/mumuserver/node_modules/pomelo-rpc/lib/rpc-server/acceptors/mqtt-acceptor.js:138:12)
    at Connection.<anonymous> (/Users/coco/Documents/GitHub/mumuserver/node_modules/pomelo-rpc/lib/rpc-server/acceptors/mqtt-acceptor.js:62:11)
    at Connection.emit (events.js:182:13)
    at Connection.emitPacket (/Users/coco/Documents/GitHub/mumuserver/node_modules/mqtt-connection/connection.js:14:8)
    at Connection.emit (events.js:182:13)
    at addChunk (/Users/coco/Documents/GitHub/mumuserver/node_modules/duplexify/node_modules/readable-stream/lib/_stream_readable.js:291:12)
    at readableAddChunk (/Users/coco/Documents/GitHub/mumuserver/node_modules/duplexify/node_modules/readable-stream/lib/_stream_readable.js:278:11)
[2019-03-01 23:30:22.032] [ERROR] pomelo-rpc - [31m[mqtt-acceptor] [39mprocess rpc message error TypeError: cb is not a function
    at HallRemote.joinHall (/Users/coco/Documents/GitHub/mumuserver/app/servers/chat/remote/hallRemote.js:15:5)
    at Dispatcher.pro.route (/Users/coco/Documents/GitHub/mumuserver/node_modules/pomelo-rpc/lib/rpc-server/dispatcher.js:52:10)
    at Acceptor.cb (/Users/coco/Documents/GitHub/mumuserver/node_modules/pomelo-rpc/lib/rpc-server/gateway.js:22:16)
    at processMsg (/Users/coco/Documents/GitHub/mumuserver/node_modules/pomelo-rpc/lib/rpc-server/acceptors/mqtt-acceptor.js:138:12)
    at Connection.<anonymous> (/Users/coco/Documents/GitHub/mumuserver/node_modules/pomelo-rpc/lib/rpc-server/acceptors/mqtt-acceptor.js:62:11)
    at Connection.emit (events.js:182:13)
    at Connection.emitPacket (/Users/coco/Documents/GitHub/mumuserver/node_modules/mqtt-connection/connection.js:14:8)
    at Connection.emit (events.js:182:13)
    at addChunk (/Users/coco/Documents/GitHub/mumuserver/node_modules/duplexify/node_modules/readable-stream/lib/_stream_readable.js:291:12)
    at readableAddChunk (/Users/coco/Documents/GitHub/mumuserver/node_modules/duplexify/node_modules/readable-stream/lib/_stream_readable.js:278:11)
